<?xml version="1.0" encoding="UTF-8"?>
<!-- Generated by org.testng.reporters.JUnitReportReporter -->
<testsuite hostname="DESKTOP-1TI28D7" failures="0" tests="16" name="TestNG_day2.Scenario2" time="13.172" errors="0" timestamp="2024-02-23T15:15:55 IST" skipped="0">
  <testcase classname="TestNG_day2.Scenario2" name="launch" time="1.634"/>
  <system-out/>
  <testcase classname="TestNG_day2.Scenario2" name="launch" time="1.504"/>
  <system-out/>
  <testcase classname="TestNG_day2.Scenario2" name="login" time="0.645"/>
  <system-out/>
  <testcase classname="TestNG_day2.Scenario2" name="login" time="0.505"/>
  <system-out/>
  <testcase classname="TestNG_day2.Scenario2" name="selectPriceLowToHigh" time="3.380"/>
  <system-out/>
  <testcase classname="TestNG_day2.Scenario2" name="selectPriceLowToHigh" time="3.556"/>
  <system-out/>
  <testcase classname="TestNG_day2.Scenario2" name="addProductToCart" time="0.098"/>
  <system-out/>
  <testcase classname="TestNG_day2.Scenario2" name="addProductToCart" time="0.082"/>
  <system-out/>
  <testcase classname="TestNG_day2.Scenario2" name="goToShoppingCart" time="0.118"/>
  <system-out/>
  <testcase classname="TestNG_day2.Scenario2" name="goToShoppingCart" time="0.150"/>
  <system-out/>
  <testcase classname="TestNG_day2.Scenario2" name="continueCheckout" time="0.088"/>
  <system-out/>
  <testcase classname="TestNG_day2.Scenario2" name="continueCheckout" time="0.115"/>
  <system-out/>
  <testcase classname="TestNG_day2.Scenario2" name="enterInformationAndContinue" time="0.516"/>
  <system-out/>
  <testcase classname="TestNG_day2.Scenario2" name="enterInformationAndContinue" time="0.547"/>
  <system-out/>
  <testcase classname="TestNG_day2.Scenario2" name="clickOnFinish" time="0.117"/>
  <system-out/>
  <testcase classname="TestNG_day2.Scenario2" name="clickOnFinish" time="0.117"/>
  <system-out/>
</testsuite> <!-- TestNG_day2.Scenario2 -->
