<?xml version="1.0" encoding="UTF-8"?>
<!-- Generated by org.testng.reporters.JUnitReportReporter -->
<testsuite hostname="DESKTOP-1TI28D7" failures="0" tests="3" name="TestNG_day5.Taskgrouping" time="31.695" errors="0" timestamp="2024-02-20T11:25:35 IST" skipped="0">
  <testcase classname="TestNG_day5.Taskgrouping" name="smokegroup" time="10.868"/>
  <system-out/>
  <testcase classname="TestNG_day5.Taskgrouping" name="regressiongroup" time="10.262"/>
  <system-out/>
  <testcase classname="TestNG_day5.Taskgrouping" name="smokeAndregression" time="10.565"/>
  <system-out/>
</testsuite> <!-- TestNG_day5.Taskgrouping -->
