<?xml version="1.0" encoding="UTF-8"?>
<!-- Generated by org.testng.reporters.JUnitReportReporter -->
<testsuite hostname="DESKTOP-1TI28D7" failures="0" tests="2" name="TestNG_task.Cyclos" time="28.752" errors="0" timestamp="2024-02-26T11:38:38 IST" skipped="0">
  <testcase classname="TestNG_task.Cyclos" name="login" time="12.314"/>
  <system-out/>
  <testcase classname="TestNG_task.Cyclos" name="login" time="16.438"/>
  <system-out/>
</testsuite> <!-- TestNG_task.Cyclos -->
