<?xml version="1.0" encoding="UTF-8"?>
<!-- Generated by org.testng.reporters.JUnitReportReporter -->
<testsuite hostname="DESKTOP-1TI28D7" failures="0" tests="2" name="TestNG_day2.Scenario1" time="0.024" errors="0" timestamp="2024-02-15T18:48:21 IST" skipped="0">
  <testcase classname="TestNG_day2.Scenario1" name="search" time="0.009"/>
  <system-out/>
  <testcase classname="TestNG_day2.Scenario1" name="addProduct" time="0.015"/>
  <system-out/>
</testsuite> <!-- TestNG_day2.Scenario1 -->
