<?xml version="1.0" encoding="UTF-8"?>
<!-- Generated by org.testng.reporters.JUnitReportReporter -->
<testsuite hostname="DESKTOP-1TI28D7" failures="0" tests="1" name="TestNG_day8.ReadExcel" time="1.889" errors="0" timestamp="2024-02-27T10:58:45 IST" skipped="0">
  <testcase classname="TestNG_day8.ReadExcel" name="excelread" time="1.889"/>
  <system-out/>
</testsuite> <!-- TestNG_day8.ReadExcel -->
