<?xml version="1.0" encoding="UTF-8"?>
<!-- Generated by org.testng.reporters.JUnitReportReporter -->
<testsuite hostname="DESKTOP-1TI28D7" failures="0" tests="2" name="TestNG_day6.DataProviderTestng" time="23.528" errors="0" timestamp="2024-02-21T10:42:07 IST" skipped="0">
  <testcase classname="TestNG_day6.DataProviderTestng" name="login" time="13.091"/>
  <system-out/>
  <testcase classname="TestNG_day6.DataProviderTestng" name="login" time="10.437"/>
  <system-out/>
</testsuite> <!-- TestNG_day6.DataProviderTestng -->
