<?xml version="1.0" encoding="UTF-8"?>
<!-- Generated by org.testng.reporters.JUnitReportReporter -->
<testsuite hostname="DESKTOP-1TI28D7" failures="0" tests="1" name="TestNG_day4.Task_DemoBlaze" time="8.069" errors="0" timestamp="2024-02-15T19:42:28 IST" skipped="0">
  <testcase classname="TestNG_day4.Task_DemoBlaze" name="login" time="8.069"/>
  <system-out/>
</testsuite> <!-- TestNG_day4.Task_DemoBlaze -->
