<?xml version="1.0" encoding="UTF-8"?>
<!-- Generated by org.testng.reporters.JUnitReportReporter -->
<testsuite hostname="DESKTOP-1TI28D7" failures="0" tests="1" name="TestNG_day8.WriteExcel" time="2.209" errors="0" timestamp="2024-02-28T21:26:08 IST" skipped="0">
  <testcase classname="TestNG_day8.WriteExcel" name="excelwrite" time="2.209"/>
  <system-out/>
</testsuite> <!-- TestNG_day8.WriteExcel -->
