<?xml version="1.0" encoding="UTF-8"?>
<!-- Generated by org.testng.reporters.JUnitReportReporter -->
<testsuite hostname="DESKTOP-1TI28D7" failures="0" tests="2" name="TestNG_day3.Test_Classes" time="8.849" errors="0" timestamp="2024-02-15T19:39:25 IST" skipped="0">
  <testcase classname="TestNG_day3.Test_Classes" name="login" time="4.649"/>
  <system-out/>
  <testcase classname="TestNG_day3.Test_Classes" name="logout" time="4.200"/>
  <system-out/>
</testsuite> <!-- TestNG_day3.Test_Classes -->
