<?xml version="1.0" encoding="UTF-8"?>
<!-- Generated by org.testng.reporters.JUnitReportReporter -->
<testsuite hostname="DESKTOP-1TI28D7" failures="0" tests="1" name="TestNG_day8.TestCase" time="7.715" errors="0" timestamp="2024-02-28T21:46:02 IST" skipped="0">
  <testcase classname="TestNG_day8.TestCase" name="login" time="7.715"/>
  <system-out/>
</testsuite> <!-- TestNG_day8.TestCase -->
