<?xml version="1.0" encoding="UTF-8"?>
<!-- Generated by org.testng.reporters.JUnitReportReporter -->
<testsuite hostname="DESKTOP-1TI28D7" failures="0" tests="2" name="TestNG_day3.Scenario4" time="0.029" errors="0" timestamp="2024-02-15T19:18:54 IST" skipped="0">
  <testcase classname="TestNG_day3.Scenario4" name="test1" time="0.018"/>
  <system-out/>
  <testcase classname="TestNG_day3.Scenario4" name="test2" time="0.011"/>
  <system-out/>
</testsuite> <!-- TestNG_day3.Scenario4 -->
