<?xml version="1.0" encoding="UTF-8"?>
<!-- Generated by org.testng.reporters.JUnitReportReporter -->
<testsuite hostname="DESKTOP-1TI28D7" failures="0" tests="2" name="TestNG_day3.Class2" time="0.010" errors="0" timestamp="2024-02-15T19:11:38 IST" skipped="0">
  <testcase classname="TestNG_day3.Class2" name="search" time="0.007"/>
  <system-out/>
  <testcase classname="TestNG_day3.Class2" name="addproduct" time="0.003"/>
  <system-out/>
</testsuite> <!-- TestNG_day3.Class2 -->
