<?xml version="1.0" encoding="UTF-8"?>
<!-- Generated by org.testng.reporters.JUnitReportReporter -->
<testsuite hostname="DESKTOP-1TI28D7" failures="0" tests="2" name="TestNG_day2.Scenario3" time="0.012" errors="0" timestamp="2024-02-15T19:15:13 IST" skipped="0">
  <testcase classname="TestNG_day2.Scenario3" name="search" time="0.008"/>
  <system-out/>
  <testcase classname="TestNG_day2.Scenario3" name="addproduct" time="0.004"/>
  <system-out/>
</testsuite> <!-- TestNG_day2.Scenario3 -->
