<?xml version="1.0" encoding="UTF-8"?>
<!-- Generated by org.testng.reporters.JUnitReportReporter -->
<testsuite hostname="DESKTOP-1TI28D7" failures="0" tests="4" name="TestNG.Orangehrm" time="18.703" errors="0" timestamp="2024-02-08T15:48:34 IST" skipped="0">
  <testcase classname="TestNG.Orangehrm" name="openApp" time="12.145"/>
  <system-out/>
  <testcase classname="TestNG.Orangehrm" name="logIn" time="0.431"/>
  <system-out/>
  <testcase classname="TestNG.Orangehrm" name="logout" time="5.485"/>
  <system-out/>
  <testcase classname="TestNG.Orangehrm" name="close" time="0.642"/>
  <system-out/>
</testsuite> <!-- TestNG.Orangehrm -->
